0 info it worked if it ends with ok
1 verbose cli [ '/usr/bin/nodejs', '/usr/bin/npm', 'start' ]
2 info using npm@3.10.10
3 info using node@v6.9.4
4 verbose run-script [ 'prestart', 'start', 'poststart' ]
5 info lifecycle aqua@5.0.5~prestart: aqua@5.0.5
6 silly lifecycle aqua@5.0.5~prestart: no script for prestart, continuing
7 info lifecycle aqua@5.0.5~start: aqua@5.0.5
8 verbose lifecycle aqua@5.0.5~start: unsafe-perm in lifecycle true
9 verbose lifecycle aqua@5.0.5~start: PATH: /usr/lib/node_modules/npm/bin/node-gyp-bin:/home/dragon/My_works/MERN_git/MERN/node_modules/.bin:/usr/local/sbin:/usr/local/bin:/usr/sbin:/usr/bin:/sbin:/bin:/usr/games:/usr/local/games:/snap/bin
10 verbose lifecycle aqua@5.0.5~start: CWD: /home/dragon/My_works/MERN_git/MERN
11 silly lifecycle aqua@5.0.5~start: Args: [ '-c', 'gulp' ]
12 silly lifecycle aqua@5.0.5~start: Returned: code: 1  signal: null
13 info lifecycle aqua@5.0.5~start: Failed to exec start script
14 verbose stack Error: aqua@5.0.5 start: `gulp`
14 verbose stack Exit status 1
14 verbose stack     at EventEmitter.<anonymous> (/usr/lib/node_modules/npm/lib/utils/lifecycle.js:255:16)
14 verbose stack     at emitTwo (events.js:106:13)
14 verbose stack     at EventEmitter.emit (events.js:191:7)
14 verbose stack     at ChildProcess.<anonymous> (/usr/lib/node_modules/npm/lib/utils/spawn.js:40:14)
14 verbose stack     at emitTwo (events.js:106:13)
14 verbose stack     at ChildProcess.emit (events.js:191:7)
14 verbose stack     at maybeClose (internal/child_process.js:877:16)
14 verbose stack     at Process.ChildProcess._handle.onexit (internal/child_process.js:226:5)
15 verbose pkgid aqua@5.0.5
16 verbose cwd /home/dragon/My_works/MERN_git/MERN
17 error Linux 4.4.0-63-generic
18 error argv "/usr/bin/nodejs" "/usr/bin/npm" "start"
19 error node v6.9.4
20 error npm  v3.10.10
21 error code ELIFECYCLE
22 error aqua@5.0.5 start: `gulp`
22 error Exit status 1
23 error Failed at the aqua@5.0.5 start script 'gulp'.
23 error Make sure you have the latest version of node.js and npm installed.
23 error If you do, this is most likely a problem with the aqua package,
23 error not with npm itself.
23 error Tell the author that this fails on your system:
23 error     gulp
23 error You can get information on how to open an issue for this project with:
23 error     npm bugs aqua
23 error Or if that isn't available, you can get their info via:
23 error     npm owner ls aqua
23 error There is likely additional logging output above.
24 verbose exit [ 1, true ]
